<?xml version="1.0" encoding="UTF-8"?>
<!-- Generated by org.testng.reporters.JUnitReportReporter -->
<testsuite skipped="0" hostname="hp" name="com.testleaf.testcases.TC002_CreateLead" tests="1" failures="0" timestamp="2022-10-23T15:27:40 IST" time="16.320" errors="0">
  <testcase name="runLogin" time="16.320" classname="com.testleaf.testcases.TC002_CreateLead"/>
  <system-out/>
</testsuite> <!-- com.testleaf.testcases.TC002_CreateLead -->
