<?xml version="1.0" encoding="UTF-8"?>
<!-- Generated by org.testng.reporters.JUnitReportReporter -->
<testsuite skipped="0" hostname="hp" name="com.testleaf.testcases.TC001_Login" tests="2" failures="0" timestamp="2022-10-29T17:46:41 IST" time="14.242" errors="0">
  <testcase name="runLogin" time="8.504" classname="com.testleaf.testcases.TC001_Login"/>
  <system-out/>
  <testcase name="runLogin" time="5.738" classname="com.testleaf.testcases.TC001_Login"/>
  <system-out/>
</testsuite> <!-- com.testleaf.testcases.TC001_Login -->
